<?xml version="1.0" encoding="UTF-8"?>
<!-- Generated by org.testng.reporters.JUnitXMLReporter -->
<testsuite hostname="liuzhanhuideMacBook-Air.local" ignored="2" name="login" tests="1" failures="0" timestamp="28 十一月 2018 03:25:28 GMT" time="1.276" errors="0">
  <testcase name="login" time="1.237" classname="com.okjiaoyu.qa.teacherspace.cases.LoginCase"/>
  <testcase name="@BeforeSuite initHelper" time="0.0" classname="com.okjiaoyu.qa.teacherspace.cases.BaseCase">
    <ignored/>
  </testcase> <!-- @BeforeSuite initHelper -->
  <testcase name="@AfterSuite close" time="0.0" classname="com.okjiaoyu.qa.teacherspace.cases.BaseCase">
    <ignored/>
  </testcase> <!-- @AfterSuite close -->
</testsuite> <!-- login -->
